<?xml version="1.0" encoding="UTF-8"?>
<testng-results skipped="0" failed="0" ignored="0" total="1" passed="1">
  <reporter-output>
  </reporter-output>
  <suite name="Suite" duration-ms="2902" started-at="2021-06-27T06:21:37 UTC" finished-at="2021-06-27T06:21:40 UTC">
    <groups>
    </groups>
    <test name="application" duration-ms="2902" started-at="2021-06-27T06:21:37 UTC" finished-at="2021-06-27T06:21:40 UTC">
      <class name="test.shoppingpage">
        <test-method status="PASS" signature="setup()[pri:0, instance:test.shoppingpage@2b552920]" name="setup" is-config="true" duration-ms="1892" started-at="2021-06-27T06:21:37 UTC" finished-at="2021-06-27T06:21:39 UTC">
          <reporter-output>
          </reporter-output>
        </test-method> <!-- setup -->
        <test-method status="PASS" signature="testcase1()[pri:0, instance:test.shoppingpage@2b552920]" name="testcase1" duration-ms="807" started-at="2021-06-27T06:21:39 UTC" finished-at="2021-06-27T06:21:40 UTC">
          <reporter-output>
          </reporter-output>
        </test-method> <!-- testcase1 -->
        <test-method status="PASS" signature="close()[pri:0, instance:test.shoppingpage@2b552920]" name="close" is-config="true" duration-ms="168" started-at="2021-06-27T06:21:40 UTC" finished-at="2021-06-27T06:21:40 UTC">
          <reporter-output>
          </reporter-output>
        </test-method> <!-- close -->
      </class> <!-- test.shoppingpage -->
    </test> <!-- application -->
  </suite> <!-- Suite -->
</testng-results>
