<?xml version="1.0" encoding="UTF-8"?>
<testng-results skipped="0" failed="0" ignored="0" total="1" passed="1">
  <reporter-output>
  </reporter-output>
  <suite name="Suite" duration-ms="3437" started-at="2021-06-27T06:49:20 UTC" finished-at="2021-06-27T06:49:23 UTC">
    <groups>
    </groups>
    <test name="application" duration-ms="3437" started-at="2021-06-27T06:49:20 UTC" finished-at="2021-06-27T06:49:23 UTC">
      <class name="test.shoppingpage">
        <test-method status="PASS" signature="setup()[pri:0, instance:test.shoppingpage@7d70d1b1]" name="setup" is-config="true" duration-ms="2258" started-at="2021-06-27T06:49:20 UTC" finished-at="2021-06-27T06:49:22 UTC">
          <reporter-output>
          </reporter-output>
        </test-method> <!-- setup -->
        <test-method status="PASS" signature="testcase1()[pri:0, instance:test.shoppingpage@7d70d1b1]" name="testcase1" duration-ms="972" started-at="2021-06-27T06:49:22 UTC" finished-at="2021-06-27T06:49:23 UTC">
          <reporter-output>
          </reporter-output>
        </test-method> <!-- testcase1 -->
        <test-method status="PASS" signature="close()[pri:0, instance:test.shoppingpage@7d70d1b1]" name="close" is-config="true" duration-ms="163" started-at="2021-06-27T06:49:23 UTC" finished-at="2021-06-27T06:49:23 UTC">
          <reporter-output>
          </reporter-output>
        </test-method> <!-- close -->
      </class> <!-- test.shoppingpage -->
    </test> <!-- application -->
  </suite> <!-- Suite -->
</testng-results>
